Tue Mar 30 22:39:40 2010  
Tue Mar 30 22:39:40 2010  
Tue Mar 30 22:39:40 2010  Msieve v. 1.44
Tue Mar 30 22:39:40 2010  random seeds: bca30340 16910266
Tue Mar 30 22:39:40 2010  factoring 1234567890 (10 digits)
Tue Mar 30 22:39:40 2010  p1 factor: 2
Tue Mar 30 22:39:40 2010  p1 factor: 3
Tue Mar 30 22:39:40 2010  p1 factor: 3
Tue Mar 30 22:39:40 2010  p1 factor: 5
Tue Mar 30 22:39:40 2010  p4 factor: 3607
Tue Mar 30 22:39:40 2010  p4 factor: 3803
Tue Mar 30 22:39:40 2010  elapsed time 00:00:00
Tue Mar 30 23:05:03 2010  
Tue Mar 30 23:05:03 2010  
Tue Mar 30 23:05:03 2010  Msieve v. 1.44
Tue Mar 30 23:05:03 2010  random seeds: 21564d70 1138c52f
Tue Mar 30 23:05:03 2010  factoring 235711131719 (12 digits)
Tue Mar 30 23:05:03 2010  p1 factor: 7
Tue Mar 30 23:05:03 2010  p4 factor: 4363
Tue Mar 30 23:05:03 2010  p7 factor: 7717859
Tue Mar 30 23:05:03 2010  elapsed time 00:00:00
Tue Mar 30 23:05:38 2010  
Tue Mar 30 23:05:38 2010  
Tue Mar 30 23:05:38 2010  Msieve v. 1.44
Tue Mar 30 23:05:38 2010  random seeds: 433913c0 3461d567
Tue Mar 30 23:05:38 2010  factoring 149162536496481 (15 digits)
Tue Mar 30 23:05:38 2010  p1 factor: 3
Tue Mar 30 23:05:38 2010  p4 factor: 7549
Tue Mar 30 23:05:38 2010  p5 factor: 48437
Tue Mar 30 23:05:38 2010  p6 factor: 135979
Tue Mar 30 23:05:38 2010  elapsed time 00:00:00
Tue Mar 30 23:13:42 2010  
Tue Mar 30 23:13:42 2010  
Tue Mar 30 23:13:42 2010  Msieve v. 1.44
Tue Mar 30 23:13:42 2010  random seeds: 07a4d630 fcc063d3
Tue Mar 30 23:13:42 2010  factoring 99999999999 (11 digits)
Tue Mar 30 23:13:42 2010  p1 factor: 3
Tue Mar 30 23:13:42 2010  p1 factor: 3
Tue Mar 30 23:13:42 2010  p5 factor: 21649
Tue Mar 30 23:13:42 2010  p6 factor: 513239
Tue Mar 30 23:13:42 2010  elapsed time 00:00:00
Tue Mar 30 23:14:00 2010  
Tue Mar 30 23:14:00 2010  
Tue Mar 30 23:14:00 2010  Msieve v. 1.44
Tue Mar 30 23:14:00 2010  random seeds: adf58aa0 f6658519
Tue Mar 30 23:14:00 2010  factoring 99999999 (8 digits)
Tue Mar 30 23:14:00 2010  p1 factor: 3
Tue Mar 30 23:14:00 2010  p1 factor: 3
Tue Mar 30 23:14:00 2010  p2 factor: 11
Tue Mar 30 23:14:00 2010  p2 factor: 73
Tue Mar 30 23:14:00 2010  p3 factor: 101
Tue Mar 30 23:14:00 2010  p3 factor: 137
Tue Mar 30 23:14:00 2010  elapsed time 00:00:00
Tue Mar 30 23:14:05 2010  
Tue Mar 30 23:14:05 2010  
Tue Mar 30 23:14:05 2010  Msieve v. 1.44
Tue Mar 30 23:14:05 2010  random seeds: adf58aa0 f6658519
Tue Mar 30 23:14:05 2010  factoring 99999999 (8 digits)
Tue Mar 30 23:14:05 2010  p1 factor: 3
Tue Mar 30 23:14:05 2010  p1 factor: 3
Tue Mar 30 23:14:05 2010  p2 factor: 11
Tue Mar 30 23:14:05 2010  p2 factor: 73
Tue Mar 30 23:14:05 2010  p3 factor: 101
Tue Mar 30 23:14:05 2010  p3 factor: 137
Tue Mar 30 23:14:05 2010  elapsed time 00:00:00
Tue Mar 30 23:15:17 2010  
Tue Mar 30 23:15:17 2010  
Tue Mar 30 23:15:17 2010  Msieve v. 1.44
Tue Mar 30 23:15:17 2010  random seeds: f1788100 a1ee1f8b
Tue Mar 30 23:15:17 2010  factoring 999999 (6 digits)
Tue Mar 30 23:15:17 2010  p1 factor: 3
Tue Mar 30 23:15:17 2010  p1 factor: 3
Tue Mar 30 23:15:17 2010  p1 factor: 3
Tue Mar 30 23:15:17 2010  p1 factor: 7
Tue Mar 30 23:15:17 2010  p2 factor: 11
Tue Mar 30 23:15:17 2010  p2 factor: 13
Tue Mar 30 23:15:17 2010  p2 factor: 37
Tue Mar 30 23:15:17 2010  elapsed time 00:00:00
Tue Mar 30 23:15:28 2010  
Tue Mar 30 23:15:28 2010  
Tue Mar 30 23:15:28 2010  Msieve v. 1.44
Tue Mar 30 23:15:28 2010  random seeds: f93fb6e0 50b4018d
Tue Mar 30 23:15:28 2010  factoring 99999999 (8 digits)
Tue Mar 30 23:15:28 2010  p1 factor: 3
Tue Mar 30 23:15:28 2010  p1 factor: 3
Tue Mar 30 23:15:28 2010  p2 factor: 11
Tue Mar 30 23:15:28 2010  p2 factor: 73
Tue Mar 30 23:15:28 2010  p3 factor: 101
Tue Mar 30 23:15:28 2010  p3 factor: 137
Tue Mar 30 23:15:28 2010  elapsed time 00:00:00
Tue Mar 30 23:15:44 2010  
Tue Mar 30 23:15:44 2010  
Tue Mar 30 23:15:44 2010  Msieve v. 1.44
Tue Mar 30 23:15:44 2010  random seeds: e7eede30 2536c924
Tue Mar 30 23:15:44 2010  factoring 9999999999 (10 digits)
Tue Mar 30 23:15:44 2010  p1 factor: 3
Tue Mar 30 23:15:44 2010  p1 factor: 3
Tue Mar 30 23:15:44 2010  p2 factor: 11
Tue Mar 30 23:15:44 2010  p2 factor: 41
Tue Mar 30 23:15:44 2010  p3 factor: 271
Tue Mar 30 23:15:44 2010  p4 factor: 9091
Tue Mar 30 23:15:44 2010  elapsed time 00:00:00
Tue Mar 30 23:15:50 2010  
Tue Mar 30 23:15:50 2010  
Tue Mar 30 23:15:50 2010  Msieve v. 1.44
Tue Mar 30 23:15:50 2010  random seeds: 03ddd4c0 b79ee5ef
Tue Mar 30 23:15:50 2010  factoring 99999999999 (11 digits)
Tue Mar 30 23:15:50 2010  p1 factor: 3
Tue Mar 30 23:15:50 2010  p1 factor: 3
Tue Mar 30 23:15:50 2010  p5 factor: 21649
Tue Mar 30 23:15:50 2010  p6 factor: 513239
Tue Mar 30 23:15:50 2010  elapsed time 00:00:00
Tue Mar 30 23:16:04 2010  
Tue Mar 30 23:16:04 2010  
Tue Mar 30 23:16:04 2010  Msieve v. 1.44
Tue Mar 30 23:16:04 2010  random seeds: 76c78ff0 9476a7b4
Tue Mar 30 23:16:04 2010  factoring 99999999999012 (14 digits)
Tue Mar 30 23:16:04 2010  p1 factor: 2
Tue Mar 30 23:16:04 2010  p1 factor: 2
Tue Mar 30 23:16:04 2010  p1 factor: 3
Tue Mar 30 23:16:04 2010  p2 factor: 37
Tue Mar 30 23:16:04 2010  p3 factor: 241
Tue Mar 30 23:16:04 2010  p3 factor: 587
Tue Mar 30 23:16:04 2010  p7 factor: 1592069
Tue Mar 30 23:16:04 2010  elapsed time 00:00:00
Tue Mar 30 23:16:10 2010  
Tue Mar 30 23:16:10 2010  
Tue Mar 30 23:16:10 2010  Msieve v. 1.44
Tue Mar 30 23:16:10 2010  random seeds: a6de4730 04c39132
Tue Mar 30 23:16:10 2010  factoring 9999999999901200 (16 digits)
Tue Mar 30 23:16:10 2010  p1 factor: 2
Tue Mar 30 23:16:10 2010  p1 factor: 2
Tue Mar 30 23:16:10 2010  p1 factor: 2
Tue Mar 30 23:16:10 2010  p1 factor: 2
Tue Mar 30 23:16:10 2010  p1 factor: 3
Tue Mar 30 23:16:10 2010  p1 factor: 5
Tue Mar 30 23:16:10 2010  p1 factor: 5
Tue Mar 30 23:16:10 2010  p2 factor: 37
Tue Mar 30 23:16:10 2010  p3 factor: 241
Tue Mar 30 23:16:10 2010  p3 factor: 587
Tue Mar 30 23:16:10 2010  p7 factor: 1592069
Tue Mar 30 23:16:10 2010  elapsed time 00:00:00
Tue Mar 30 23:46:46 2010  
Tue Mar 30 23:46:46 2010  
Tue Mar 30 23:46:46 2010  Msieve v. 1.44
Tue Mar 30 23:46:46 2010  random seeds: ad8171c0 8150feb0
Tue Mar 30 23:46:46 2010  factoring 1234 (4 digits)
Tue Mar 30 23:46:46 2010  p1 factor: 2
Tue Mar 30 23:46:46 2010  p3 factor: 617
Tue Mar 30 23:46:46 2010  elapsed time 00:00:00
Tue Mar 30 23:47:02 2010  
Tue Mar 30 23:47:02 2010  
Tue Mar 30 23:47:02 2010  Msieve v. 1.44
Tue Mar 30 23:47:02 2010  random seeds: f6593ea0 1ce249bb
Tue Mar 30 23:47:02 2010  factoring 10000 (5 digits)
Tue Mar 30 23:47:02 2010  p1 factor: 2
Tue Mar 30 23:47:02 2010  p1 factor: 2
Tue Mar 30 23:47:02 2010  p1 factor: 2
Tue Mar 30 23:47:02 2010  p1 factor: 2
Tue Mar 30 23:47:02 2010  p1 factor: 5
Tue Mar 30 23:47:02 2010  p1 factor: 5
Tue Mar 30 23:47:02 2010  p1 factor: 5
Tue Mar 30 23:47:02 2010  p1 factor: 5
Tue Mar 30 23:47:02 2010  elapsed time 00:00:00
Tue Mar 30 23:49:05 2010  
Tue Mar 30 23:49:05 2010  
Tue Mar 30 23:49:05 2010  Msieve v. 1.44
Tue Mar 30 23:49:05 2010  random seeds: 106121a0 440be9d6
Tue Mar 30 23:49:05 2010  factoring 11111111111111111 (17 digits)
Tue Mar 30 23:49:05 2010  p7 factor: 2071723
Tue Mar 30 23:49:05 2010  p10 factor: 5363222357
Tue Mar 30 23:49:05 2010  elapsed time 00:00:00
Tue Mar 30 23:50:07 2010  
Tue Mar 30 23:50:07 2010  
Tue Mar 30 23:50:07 2010  Msieve v. 1.44
Tue Mar 30 23:50:07 2010  random seeds: 87147198 cd8d8df8
Tue Mar 30 23:50:07 2010  factoring 1111111111111111111 (19 digits)
Tue Mar 30 23:50:07 2010  prp19 factor: 1111111111111111111
Tue Mar 30 23:50:07 2010  elapsed time 00:00:00
