have_header: checking for gmp.h... -------------------- yes

"gcc -o conftest -IC:/Ruby19/include/ruby-1.9.1/i386-mingw32 -IC:/Ruby19/include/ruby-1.9.1/ruby/backward -IC:/Ruby19/include/ruby-1.9.1 -I. -I\Ruby19\devkit\msys\1.0.11\projects\msieve-1.44\include -I\Ruby19\devkit\msys\1.0.11\usr\local\gmp-5.0.1/include     -O2 -g -Wall -Wno-parentheses  conftest.c  -L. -LC:/Ruby19/lib -L\Ruby19\devkit\msys\1.0.11\projects\msieve-1.44 -L\Ruby19\devkit\msys\1.0.11\usr\local\gmp-5.0.1/lib -L.      -lmsvcrt-ruby191-static  -lshell32 -lws2_32  "
checked program was:
/* begin */
1: #include "ruby.h"
2: 
3: #include <winsock2.h>
4: #include <windows.h>
5: int main() {return 0;}
/* end */

"gcc -E -IC:/Ruby19/include/ruby-1.9.1/i386-mingw32 -IC:/Ruby19/include/ruby-1.9.1/ruby/backward -IC:/Ruby19/include/ruby-1.9.1 -I. -I\Ruby19\devkit\msys\1.0.11\projects\msieve-1.44\include -I\Ruby19\devkit\msys\1.0.11\usr\local\gmp-5.0.1/include     -O2 -g -Wall -Wno-parentheses   conftest.c -o conftest.i"
checked program was:
/* begin */
1: #include "ruby.h"
2: 
3: #include <winsock2.h>
4: #include <windows.h>
5: #include <gmp.h>
/* end */

--------------------

have_library: checking for __gmpz_init() in -lgmp... -------------------- yes

"gcc -o conftest -IC:/Ruby19/include/ruby-1.9.1/i386-mingw32 -IC:/Ruby19/include/ruby-1.9.1/ruby/backward -IC:/Ruby19/include/ruby-1.9.1 -I. -I\Ruby19\devkit\msys\1.0.11\projects\msieve-1.44\include -I\Ruby19\devkit\msys\1.0.11\usr\local\gmp-5.0.1/include     -O2 -g -Wall -Wno-parentheses  conftest.c  -L. -LC:/Ruby19/lib -L\Ruby19\devkit\msys\1.0.11\projects\msieve-1.44 -L\Ruby19\devkit\msys\1.0.11\usr\local\gmp-5.0.1/lib -L.      -lmsvcrt-ruby191-static -lgmp  -lshell32 -lws2_32  "
checked program was:
/* begin */
1: #include "ruby.h"
2: 
3: #include <winsock2.h>
4: #include <windows.h>
5: 
6: /*top*/
7: int main() {return 0;}
8: int t() { void ((*volatile p)()); p = (void ((*)()))__gmpz_init; return 0; }
/* end */

"gcc -o conftest -IC:/Ruby19/include/ruby-1.9.1/i386-mingw32 -IC:/Ruby19/include/ruby-1.9.1/ruby/backward -IC:/Ruby19/include/ruby-1.9.1 -I. -I\Ruby19\devkit\msys\1.0.11\projects\msieve-1.44\include -I\Ruby19\devkit\msys\1.0.11\usr\local\gmp-5.0.1/include     -O2 -g -Wall -Wno-parentheses  conftest.c  -L. -LC:/Ruby19/lib -L\Ruby19\devkit\msys\1.0.11\projects\msieve-1.44 -L\Ruby19\devkit\msys\1.0.11\usr\local\gmp-5.0.1/lib -L.      -lmsvcrt-ruby191-static -lgmp  -lshell32 -lws2_32  "
checked program was:
/* begin */
1: #include "ruby.h"
2: 
3: #include <winsock2.h>
4: #include <windows.h>
5: 
6: /*top*/
7: int main() {return 0;}
8: int t() { __gmpz_init(); return 0; }
/* end */

--------------------

have_library: checking for msieve_obj_new() in -lmsieve... -------------------- yes

"gcc -o conftest -IC:/Ruby19/include/ruby-1.9.1/i386-mingw32 -IC:/Ruby19/include/ruby-1.9.1/ruby/backward -IC:/Ruby19/include/ruby-1.9.1 -I. -I\Ruby19\devkit\msys\1.0.11\projects\msieve-1.44\include -I\Ruby19\devkit\msys\1.0.11\usr\local\gmp-5.0.1/include     -O2 -g -Wall -Wno-parentheses  conftest.c  -L. -LC:/Ruby19/lib -L\Ruby19\devkit\msys\1.0.11\projects\msieve-1.44 -L\Ruby19\devkit\msys\1.0.11\usr\local\gmp-5.0.1/lib -L.     -lgmp  -lmsvcrt-ruby191-static -lmsieve -lgmp  -lshell32 -lws2_32  "
checked program was:
/* begin */
1: #include "ruby.h"
2: 
3: #include <winsock2.h>
4: #include <windows.h>
5: 
6: /*top*/
7: int main() {return 0;}
8: int t() { void ((*volatile p)()); p = (void ((*)()))msieve_obj_new; return 0; }
/* end */

"gcc -o conftest -IC:/Ruby19/include/ruby-1.9.1/i386-mingw32 -IC:/Ruby19/include/ruby-1.9.1/ruby/backward -IC:/Ruby19/include/ruby-1.9.1 -I. -I\Ruby19\devkit\msys\1.0.11\projects\msieve-1.44\include -I\Ruby19\devkit\msys\1.0.11\usr\local\gmp-5.0.1/include     -O2 -g -Wall -Wno-parentheses  conftest.c  -L. -LC:/Ruby19/lib -L\Ruby19\devkit\msys\1.0.11\projects\msieve-1.44 -L\Ruby19\devkit\msys\1.0.11\usr\local\gmp-5.0.1/lib -L.     -lgmp  -lmsvcrt-ruby191-static -lmsieve -lgmp  -lshell32 -lws2_32  "
checked program was:
/* begin */
1: #include "ruby.h"
2: 
3: #include <winsock2.h>
4: #include <windows.h>
5: 
6: /*top*/
7: int main() {return 0;}
8: int t() { msieve_obj_new(); return 0; }
/* end */

--------------------

have_header: checking for msieve.h... -------------------- yes

"gcc -E -IC:/Ruby19/include/ruby-1.9.1/i386-mingw32 -IC:/Ruby19/include/ruby-1.9.1/ruby/backward -IC:/Ruby19/include/ruby-1.9.1 -I. -I\Ruby19\devkit\msys\1.0.11\projects\msieve-1.44\include -I\Ruby19\devkit\msys\1.0.11\usr\local\gmp-5.0.1/include     -O2 -g -Wall -Wno-parentheses   conftest.c -o conftest.i"
checked program was:
/* begin */
1: #include "ruby.h"
2: 
3: #include <winsock2.h>
4: #include <windows.h>
5: #include <msieve.h>
/* end */

--------------------

